[18-Jul-2016 10:59:27 Europe/Berlin] From: Cooking Point <info@cookingpoint.es>
Subject: Your seat/s have been pre-booked
To: eduardo@cookingpoint.es
MIME-Version: 1.0
Content-Type: MULTIPART/alternative; BOUNDARY="329225-18389-1468832367=:7980"

--329225-18389-1468832367=:7980
Content-Type: TEXT/plain; CHARSET=utf-8
Content-Description: Cooking Point Booking Details

Dear prueba,

Thank you for your confidence. We have availability for the class detailed below. Please, proceed with the payment to secure your seat/s.<br/><br/>

BOOKING DETAILS:

- Name: prueba 8
- Email: eduardo@cookingpoint.es
- Phone: 
- Activity: Paella Cooking Class (10am-2pm)
- Date: Tuesday, 19 July 2016
- Adults: 1
- Children: 0
- Price: €70
- Food Restrictions: 
- Comments:

Status: Payment Required

To pay, go to [http://cookingpoint.es/pay/eubo4qlywh19upazyi2866fs7ty7tjeo]

(Cancellation policy: Full refund until 48 hours before the event)

---
Cooking Point
(+34) 910 115 154
www.cookingpoint.es


--329225-18389-1468832367=:7980
Content-Type: TEXT/html; CHARSET=utf-8
Content-Description: Cooking Point Booking Details

<!DOCTYPE html PUBLIC "-//W3C//DTD XHTML 1.0 Transitional//EN"
    "http://www.w3.org/TR/xhtml1/DTD/xhtml1-transitional.dtd">
<html xmlns="http://www.w3.org/1999/xhtml" dir="ltr">
    <head>
        <title>Your Booking</title>
        <meta http-equiv="Content-Type" content="text/html; charset=UTF-8" />
		<meta name="viewport" content="width=device-width, initial-scale=1, maximum-scale=1, user-scalable=no" />
	</head>

<body>
<div style="background-color:#fff; color:#000; font-family:arial; font-size:14px;">

<p>Dear prueba,<br/></p>

<p>Thank you for your confidence. We have availability for the class detailed below. Please, proceed with the payment to secure your seat/s.<br/><br/></p>

<p style="text-align:center; color:orange; font-size:larger; font-weight:bold;">BOOKING DETAILS:<br/></p>

<p><strong>Name:</strong> prueba 8</p>
<p><strong>Email:</strong> eduardo@cookingpoint.es</p>
<p><strong>Phone:</strong> </p>
<p><strong>Activity:</strong> Paella Cooking Class (10am-2pm)</p>
<p><strong>Date:</strong> Tuesday, 19 July 2016</p>
<p><strong>Adults:</strong> 1</p>
<p><strong>Children:</strong> 0</p>
<p><strong>Price:</strong> â‚¬70</p>
<p><strong>Food Restrictions:</strong><br /></p>
<p><strong>Comments:</strong><br /></p>
<br /><hr />
<p><strong>Status:</strong> Payment Required<br /></p>

 <div style="text-align:center;">
	<a href="http://cookingpoint.es/pay/eubo4qlywh19upazyi2866fs7ty7tjeo" style="text-align: center;background: #EF8401;border-radius: 28px;text-shadow: 0px 1px 3px #666666;  font-family: Arial;color: #ffffff;font-size: 14px;padding: 10px 20px 10px 20px;border: solid #ddd 1px;text-decoration:none;">Payment</a> 
 </div>	
 
 <br/><small>Cancellation policy: Full refund until 48 hours before the event.</small>

<p style="color:orange;text-align:center"><strong>Cooking Point</strong></p>
<p style="text-align:center">(+34) 910 115 154</p>
<p style="text-align:center">www.cookingpoint.es</p>

<p style="color:white;background-color:white;">14044</p>

</div>
</body>
</html>
--329225-18389-1468832367=:7980--

[18-Jul-2016 11:00:16 Europe/Berlin] From: Cooking Point <info@cookingpoint.es>
Subject: Your seat/s have been pre-booked
To: eduardo@cookingpoint.es
MIME-Version: 1.0
Content-Type: MULTIPART/alternative; BOUNDARY="378068-15283-1468832416=:7980"

--378068-15283-1468832416=:7980
Content-Type: TEXT/plain; CHARSET=utf-8
Content-Description: Cooking Point Booking Details

Dear prueba,

Thank you for your confidence. We have availability for the class detailed below. Please, proceed with the payment to secure your seat/s.<br/><br/>

BOOKING DETAILS:

- Name: prueba 8
- Email: eduardo@cookingpoint.es
- Phone: 
- Activity: Paella Cooking Class (10am-2pm)
- Date: Tuesday, 19 July 2016
- Adults: 1
- Children: 0
- Price: €70
- Food Restrictions: 
- Comments:

Status: Payment Required

To pay, go to [http://cookingpoint.es/pay/eubo4qlywh19upazyi2866fs7ty7tjeo]

(Cancellation policy: Full refund until 48 hours before the event)

---
Cooking Point
(+34) 910 115 154
www.cookingpoint.es


--378068-15283-1468832416=:7980
Content-Type: TEXT/html; CHARSET=utf-8
Content-Description: Cooking Point Booking Details

<!DOCTYPE html PUBLIC "-//W3C//DTD XHTML 1.0 Transitional//EN"
    "http://www.w3.org/TR/xhtml1/DTD/xhtml1-transitional.dtd">
<html xmlns="http://www.w3.org/1999/xhtml" dir="ltr">
    <head>
        <title>Your Booking</title>
        <meta http-equiv="Content-Type" content="text/html; charset=UTF-8" />
		<meta name="viewport" content="width=device-width, initial-scale=1, maximum-scale=1, user-scalable=no" />
	</head>

<body>
<div style="background-color:#fff; color:#000; font-family:arial; font-size:14px;">

<p>Dear prueba,<br/></p>

<p>Thank you for your confidence. We have availability for the class detailed below. Please, proceed with the payment to secure your seat/s.<br/><br/></p>

<p style="text-align:center; color:orange; font-size:larger; font-weight:bold;">BOOKING DETAILS:<br/></p>

<p><strong>Name:</strong> prueba 8</p>
<p><strong>Email:</strong> eduardo@cookingpoint.es</p>
<p><strong>Phone:</strong> </p>
<p><strong>Activity:</strong> Paella Cooking Class (10am-2pm)</p>
<p><strong>Date:</strong> Tuesday, 19 July 2016</p>
<p><strong>Adults:</strong> 1</p>
<p><strong>Children:</strong> 0</p>
<p><strong>Price:</strong> â‚¬70</p>
<p><strong>Food Restrictions:</strong><br /></p>
<p><strong>Comments:</strong><br /></p>
<br /><hr />
<p><strong>Status:</strong> Payment Required<br /></p>

 <div style="text-align:center;">
	<a href="http://cookingpoint.es/pay/eubo4qlywh19upazyi2866fs7ty7tjeo" style="text-align: center;background: #EF8401;border-radius: 28px;text-shadow: 0px 1px 3px #666666;  font-family: Arial;color: #ffffff;font-size: 14px;padding: 10px 20px 10px 20px;border: solid #ddd 1px;text-decoration:none;">Payment</a> 
 </div>	
 
 <br/><small>Cancellation policy: Full refund until 48 hours before the event.</small>

<p style="color:orange;text-align:center"><strong>Cooking Point</strong></p>
<p style="text-align:center">(+34) 910 115 154</p>
<p style="text-align:center">www.cookingpoint.es</p>

<p style="color:white;background-color:white;">28346</p>

</div>
</body>
</html>
--378068-15283-1468832416=:7980--

[18-Jul-2016 11:00:37 Europe/Berlin] From: Cooking Point <info@cookingpoint.es>
Subject: Your seat/s have been pre-booked
To: eduardo@cookingpoint.es
MIME-Version: 1.0
Content-Type: MULTIPART/alternative; BOUNDARY="399506-30567-1468832437=:7980"

--399506-30567-1468832437=:7980
Content-Type: TEXT/plain; CHARSET=utf-8
Content-Description: Cooking Point Booking Details

Dear prueba,

Thank you for your confidence. We have availability for the class detailed below. Please, proceed with the payment to secure your seat/s.<br/><br/>

BOOKING DETAILS:

- Name: prueba 8
- Email: eduardo@cookingpoint.es
- Phone: 
- Activity: Paella Cooking Class (10am-2pm)
- Date: Tuesday, 19 July 2016
- Adults: 1
- Children: 0
- Price: €170
- Food Restrictions: 
- Comments:

Status: Payment Required

To pay, go to [http://cookingpoint.es/pay/eubo4qlywh19upazyi2866fs7ty7tjeo]

(Cancellation policy: Full refund until 48 hours before the event)

---
Cooking Point
(+34) 910 115 154
www.cookingpoint.es


--399506-30567-1468832437=:7980
Content-Type: TEXT/html; CHARSET=utf-8
Content-Description: Cooking Point Booking Details

<!DOCTYPE html PUBLIC "-//W3C//DTD XHTML 1.0 Transitional//EN"
    "http://www.w3.org/TR/xhtml1/DTD/xhtml1-transitional.dtd">
<html xmlns="http://www.w3.org/1999/xhtml" dir="ltr">
    <head>
        <title>Your Booking</title>
        <meta http-equiv="Content-Type" content="text/html; charset=UTF-8" />
		<meta name="viewport" content="width=device-width, initial-scale=1, maximum-scale=1, user-scalable=no" />
	</head>

<body>
<div style="background-color:#fff; color:#000; font-family:arial; font-size:14px;">

<p>Dear prueba,<br/></p>

<p>Thank you for your confidence. We have availability for the class detailed below. Please, proceed with the payment to secure your seat/s.<br/><br/></p>

<p style="text-align:center; color:orange; font-size:larger; font-weight:bold;">BOOKING DETAILS:<br/></p>

<p><strong>Name:</strong> prueba 8</p>
<p><strong>Email:</strong> eduardo@cookingpoint.es</p>
<p><strong>Phone:</strong> </p>
<p><strong>Activity:</strong> Paella Cooking Class (10am-2pm)</p>
<p><strong>Date:</strong> Tuesday, 19 July 2016</p>
<p><strong>Adults:</strong> 1</p>
<p><strong>Children:</strong> 0</p>
<p><strong>Price:</strong> â‚¬170</p>
<p><strong>Food Restrictions:</strong><br /></p>
<p><strong>Comments:</strong><br /></p>
<br /><hr />
<p><strong>Status:</strong> Payment Required<br /></p>

 <div style="text-align:center;">
	<a href="http://cookingpoint.es/pay/eubo4qlywh19upazyi2866fs7ty7tjeo" style="text-align: center;background: #EF8401;border-radius: 28px;text-shadow: 0px 1px 3px #666666;  font-family: Arial;color: #ffffff;font-size: 14px;padding: 10px 20px 10px 20px;border: solid #ddd 1px;text-decoration:none;">Payment</a> 
 </div>	
 
 <br/><small>Cancellation policy: Full refund until 48 hours before the event.</small>

<p style="color:orange;text-align:center"><strong>Cooking Point</strong></p>
<p style="text-align:center">(+34) 910 115 154</p>
<p style="text-align:center">www.cookingpoint.es</p>

<p style="color:white;background-color:white;">25800</p>

</div>
</body>
</html>
--399506-30567-1468832437=:7980--

[18-Jul-2016 11:01:33 Europe/Berlin] From: Cooking Point <info@cookingpoint.es>
Subject: Your seat/s have been pre-booked
To: eduardo@cookingpoint.es
MIME-Version: 1.0
Content-Type: MULTIPART/alternative; BOUNDARY="455527-5205-1468832493=:7980"

--455527-5205-1468832493=:7980
Content-Type: TEXT/plain; CHARSET=utf-8
Content-Description: Cooking Point Booking Details

Dear prueba,

Thank you for your confidence. We have availability for the class detailed below. Please, proceed with the payment to secure your seat/s.<br/><br/>

BOOKING DETAILS:

- Name: prueba 8
- Email: eduardo@cookingpoint.es
- Phone: 
- Activity: Paella Cooking Class (10am-2pm)
- Date: Tuesday, 19 July 2016
- Adults: 1
- Children: 0
- Price: €270
- Food Restrictions: 
- Comments:

Status: Payment Required

To pay, go to [http://cookingpoint.es/pay/eubo4qlywh19upazyi2866fs7ty7tjeo]

(Cancellation policy: Full refund until 48 hours before the event)

---
Cooking Point
(+34) 910 115 154
www.cookingpoint.es


--455527-5205-1468832493=:7980
Content-Type: TEXT/html; CHARSET=utf-8
Content-Description: Cooking Point Booking Details

<!DOCTYPE html PUBLIC "-//W3C//DTD XHTML 1.0 Transitional//EN"
    "http://www.w3.org/TR/xhtml1/DTD/xhtml1-transitional.dtd">
<html xmlns="http://www.w3.org/1999/xhtml" dir="ltr">
    <head>
        <title>Your Booking</title>
        <meta http-equiv="Content-Type" content="text/html; charset=UTF-8" />
		<meta name="viewport" content="width=device-width, initial-scale=1, maximum-scale=1, user-scalable=no" />
	</head>

<body>
<div style="background-color:#fff; color:#000; font-family:arial; font-size:14px;">

<p>Dear prueba,<br/></p>

<p>Thank you for your confidence. We have availability for the class detailed below. Please, proceed with the payment to secure your seat/s.<br/><br/></p>

<p style="text-align:center; color:orange; font-size:larger; font-weight:bold;">BOOKING DETAILS:<br/></p>

<p><strong>Name:</strong> prueba 8</p>
<p><strong>Email:</strong> eduardo@cookingpoint.es</p>
<p><strong>Phone:</strong> </p>
<p><strong>Activity:</strong> Paella Cooking Class (10am-2pm)</p>
<p><strong>Date:</strong> Tuesday, 19 July 2016</p>
<p><strong>Adults:</strong> 1</p>
<p><strong>Children:</strong> 0</p>
<p><strong>Price:</strong> â‚¬270</p>
<p><strong>Food Restrictions:</strong><br /></p>
<p><strong>Comments:</strong><br /></p>
<br /><hr />
<p><strong>Status:</strong> Payment Required<br /></p>

 <div style="text-align:center;">
	<a href="http://cookingpoint.es/pay/eubo4qlywh19upazyi2866fs7ty7tjeo" style="text-align: center;background: #EF8401;border-radius: 28px;text-shadow: 0px 1px 3px #666666;  font-family: Arial;color: #ffffff;font-size: 14px;padding: 10px 20px 10px 20px;border: solid #ddd 1px;text-decoration:none;">Payment</a> 
 </div>	
 
 <br/><small>Cancellation policy: Full refund until 48 hours before the event.</small>

<p style="color:orange;text-align:center"><strong>Cooking Point</strong></p>
<p style="text-align:center">(+34) 910 115 154</p>
<p style="text-align:center">www.cookingpoint.es</p>

<p style="color:white;background-color:white;">15494</p>

</div>
</body>
</html>
--455527-5205-1468832493=:7980--

